############SmartCompare_info.log#############\r2023-02-24 21:04:52 SmartCompare started
2023-02-24 21:04:53 CommonFunction induct success
2023-02-24 21:04:56 [INFO] all modules compare start
2023-02-24 21:25:03 SmartCompare started
2023-02-24 21:25:03 logs doc check ok
2023-02-24 21:25:04 CommonFunction induct success
2023-02-24 21:39:10 SmartCompare started
2023-02-24 21:39:10 logs doc check ok
2023-02-24 21:39:11 CommonFunction induct success
2023-02-24 21:39:34 SmartCompare started
2023-02-24 21:39:35 logs doc check ok
2023-02-24 21:39:35 CommonFunction induct success
2023-02-24 21:40:13 SmartCompare started
2023-02-24 21:40:13 logs doc check ok
2023-02-24 21:40:13 CommonFunction induct success
2023-02-24 21:40:44 [INFO] all modules compare start
2023-02-24 21:40:54 SmartCompare started
2023-02-24 21:40:54 logs doc check ok
2023-02-24 21:40:54 CommonFunction induct success
2023-02-24 21:41:00 [INFO] all modules compare start
2023-02-28 00:36:18 SmartCompare started
2023-02-28 00:36:18 logs doc check ok
2023-02-28 00:36:18 CommonFunction induct success
2023-02-28 00:36:22 [INFO] 4_num compare start
2023-02-28 00:37:53 SmartCompare started
2023-02-28 00:37:53 logs doc check ok
2023-02-28 00:37:53 CommonFunction induct success
2023-02-28 00:37:55 [INFO] 4_num compare start
2023-02-28 00:38:41 SmartCompare started
2023-02-28 00:38:42 logs doc check ok
2023-02-28 00:38:42 CommonFunction induct success
2023-02-28 00:38:43 [INFO] 4_num compare start
2023-02-28 00:40:09 SmartCompare started
2023-02-28 00:40:09 logs doc check ok
2023-02-28 00:40:09 CommonFunction induct success
2023-02-28 00:40:14 [INFO] 4_num compare start
2023-02-28 00:41:59 SmartCompare started
2023-02-28 00:41:59 logs doc check ok
2023-02-28 00:41:59 CommonFunction induct success
2023-02-28 00:42:01 [INFO] 4_num compare start
2023-02-28 01:01:03 SmartCompare started
2023-02-28 01:01:04 logs doc check ok
2023-02-28 01:01:04 CommonFunction induct success
2023-02-28 01:01:06 [INFO] 4_num compare start
